<?xml version="1.0" encoding="UTF-8"?>
<testsuite name="SpaceCraftSolutionTest" tests="2" skipped="0" failures="0" errors="0" timestamp="2022-04-06T18:12:02" hostname="DESKTOP-44RH361" time="0.016">
  <properties/>
  <testcase name="calculateAmountOfFuel()" classname="SpaceCraftSolutionTest" time="0.014"/>
  <testcase name="calculateTotalAmountOfFuel()" classname="SpaceCraftSolutionTest" time="0.001"/>
  <system-out><![CDATA[]]></system-out>
  <system-err><![CDATA[]]></system-err>
</testsuite>
